<?xml version="1.0" encoding="UTF-8"?>
<!-- Generated by org.testng.reporters.JUnitReportReporter -->
<testsuite hostname="LAPTOP-LURRNF8O" failures="0" tests="3" name="SuteAnnotationPractice.TestCase1" time="0.008" errors="0" timestamp="2022-09-22T13:45:03 IST" skipped="0">
  <testcase classname="SuteAnnotationPractice.TestCase1" name="m1" time="0.007"/>
  <system-out/>
  <testcase classname="SuteAnnotationPractice.TestCase1" name="m2" time="0.000"/>
  <system-out/>
  <testcase classname="SuteAnnotationPractice.TestCase1" name="m3" time="0.001"/>
  <system-out/>
</testsuite> <!-- SuteAnnotationPractice.TestCase1 -->
