<?xml version="1.0" encoding="UTF-8"?>
<!-- Generated by org.testng.reporters.JUnitReportReporter -->
<testsuite hostname="LAPTOP-LURRNF8O" failures="0" tests="6" name="KeywardPractice.InvocationControlPractice" time="0.015" errors="0" timestamp="2022-09-22T14:13:01 IST" skipped="0">
  <testcase classname="KeywardPractice.InvocationControlPractice" name="homepage" time="0.008"/>
  <system-out/>
  <testcase classname="KeywardPractice.InvocationControlPractice" name="notification" time="0.002"/>
  <system-out/>
  <testcase classname="KeywardPractice.InvocationControlPractice" name="notification" time="0.001"/>
  <system-out/>
  <testcase classname="KeywardPractice.InvocationControlPractice" name="notification" time="0.001"/>
  <system-out/>
  <testcase classname="KeywardPractice.InvocationControlPractice" name="notification" time="0.001"/>
  <system-out/>
  <testcase classname="KeywardPractice.InvocationControlPractice" name="notification" time="0.002"/>
  <system-out/>
</testsuite> <!-- KeywardPractice.InvocationControlPractice -->
