<?xml version="1.0" encoding="UTF-8"?>
<!-- Generated by org.testng.reporters.JUnitReportReporter -->
<testsuite hostname="LAPTOP-LURRNF8O" failures="0" tests="6" name="KeywardPractice.TimeOutKeywardPractice" time="3.036" errors="0" timestamp="2022-09-22T15:04:46 IST" skipped="0">
  <testcase classname="KeywardPractice.TimeOutKeywardPractice" name="homepage" time="3.025"/>
  <system-out/>
  <testcase classname="KeywardPractice.TimeOutKeywardPractice" name="notification" time="0.002"/>
  <system-out/>
  <testcase classname="KeywardPractice.TimeOutKeywardPractice" name="notification" time="0.002"/>
  <system-out/>
  <testcase classname="KeywardPractice.TimeOutKeywardPractice" name="notification" time="0.003"/>
  <system-out/>
  <testcase classname="KeywardPractice.TimeOutKeywardPractice" name="notification" time="0.002"/>
  <system-out/>
  <testcase classname="KeywardPractice.TimeOutKeywardPractice" name="notification" time="0.002"/>
  <system-out/>
</testsuite> <!-- KeywardPractice.TimeOutKeywardPractice -->
