<?xml version="1.0" encoding="UTF-8"?>
<!-- Generated by org.testng.reporters.JUnitReportReporter -->
<testsuite hostname="LAPTOP-LURRNF8O" failures="0" tests="3" name="TestAnnutationPractice.TestCase2" time="0.006" errors="0" timestamp="2022-09-22T11:09:53 IST" skipped="0">
  <testcase classname="TestAnnutationPractice.TestCase2" name="m6" time="0.002"/>
  <system-out/>
  <testcase classname="TestAnnutationPractice.TestCase2" name="m4" time="0.002"/>
  <system-out/>
  <testcase classname="TestAnnutationPractice.TestCase2" name="m5" time="0.002"/>
  <system-out/>
</testsuite> <!-- TestAnnutationPractice.TestCase2 -->
