<?xml version="1.0" encoding="UTF-8"?>
<!-- Generated by org.testng.reporters.JUnitReportReporter -->
<testsuite hostname="LAPTOP-LURRNF8O" failures="0" tests="12" name="ParamitrazationCrossBrowser.AllCrossBrower" time="15.138" errors="0" timestamp="2022-09-30T11:50:30 IST" skipped="0">
  <testcase classname="ParamitrazationCrossBrowser.AllCrossBrower" name="CrossBrowserTesting" time="5.162"/>
  <system-out/>
  <testcase classname="ParamitrazationCrossBrowser.AllCrossBrower" name="CrossBrowserTesting" time="7.203"/>
  <system-out/>
  <testcase classname="ParamitrazationCrossBrowser.AllCrossBrower" name="verifyCurrentURL" time="0.013"/>
  <system-out/>
  <testcase classname="ParamitrazationCrossBrowser.AllCrossBrower" name="verifyCurrentURL" time="0.007"/>
  <system-out/>
  <testcase classname="ParamitrazationCrossBrowser.AllCrossBrower" name="verifygetTitle" time="0.013"/>
  <system-out/>
  <testcase classname="ParamitrazationCrossBrowser.AllCrossBrower" name="verifygetTitle" time="0.008"/>
  <system-out/>
  <testcase classname="ParamitrazationCrossBrowser.AllCrossBrower" name="verifyUserNameField" time="0.103"/>
  <system-out/>
  <testcase classname="ParamitrazationCrossBrowser.AllCrossBrower" name="verifyUserNameField" time="0.091"/>
  <system-out/>
  <testcase classname="ParamitrazationCrossBrowser.AllCrossBrower" name="verifyPasswardField" time="0.062"/>
  <system-out/>
  <testcase classname="ParamitrazationCrossBrowser.AllCrossBrower" name="verifyPasswardField" time="0.122"/>
  <system-out/>
  <testcase classname="ParamitrazationCrossBrowser.AllCrossBrower" name="clickloginbutton" time="0.078"/>
  <system-out/>
  <testcase classname="ParamitrazationCrossBrowser.AllCrossBrower" name="clickloginbutton" time="2.276"/>
  <system-out/>
</testsuite> <!-- ParamitrazationCrossBrowser.AllCrossBrower -->
