<?xml version="1.0" encoding="UTF-8"?>
<!-- Generated by org.testng.reporters.JUnitReportReporter -->
<testsuite hostname="LAPTOP-LURRNF8O" failures="0" tests="2" name="GroupingPractice.TestCase2" time="0.002" errors="0" timestamp="2022-09-24T19:16:29 IST" skipped="0">
  <testcase classname="GroupingPractice.TestCase2" name="test6" time="0.001"/>
  <system-out/>
  <testcase classname="GroupingPractice.TestCase2" name="test5" time="0.001"/>
  <system-out/>
</testsuite> <!-- GroupingPractice.TestCase2 -->
