<?xml version="1.0" encoding="UTF-8"?>
<!-- Generated by org.testng.reporters.JUnitReportReporter -->
<testsuite hostname="LAPTOP-LURRNF8O" failures="0" tests="3" name="Basic.BeforeMethodAfterMethodPractice" time="0.014" errors="0" timestamp="2022-09-20T17:32:51 IST" skipped="0">
  <testcase classname="Basic.BeforeMethodAfterMethodPractice" name="notificationpage" time="0.006"/>
  <system-out>
    <![CDATA[checking the notificationpage]]>
  </system-out>
  <testcase classname="Basic.BeforeMethodAfterMethodPractice" name="profilepage" time="0.001"/>
  <system-out>
    <![CDATA[Checking the profilepage.]]>
  </system-out>
  <testcase classname="Basic.BeforeMethodAfterMethodPractice" name="homepage" time="0.007"/>
  <system-out>
    <![CDATA[Checking the homepage]]>
  </system-out>
</testsuite> <!-- Basic.BeforeMethodAfterMethodPractice -->
