<?xml version="1.0" encoding="UTF-8"?>
<!-- Generated by org.testng.reporters.JUnitReportReporter -->
<testsuite hostname="LAPTOP-LURRNF8O" failures="0" tests="1" name="PomWithPageFactoryPractice.LoginPageTest" time="0.444" errors="0" timestamp="2022-10-03T17:08:19 IST" skipped="0">
  <testcase classname="PomWithPageFactoryPractice.LoginPageTest" name="FacebookLoginPageTest" time="0.444"/>
  <system-out>
    <![CDATA[VerifyFacebookLoginPageLogo
VerifyFacebookLoginPageTagline
VeryFyFacebookLOginPageCreatNewAccountBtn
VeriFyFacebookLoginPageForgotPasswardlink
VerifyFacebookLoginPageFooterlinksSize
SetFacebookLoginPageUsername
SetFacebookLoginPagePassward
ClickFacebookLoginPageLoginbtn]]>
  </system-out>
</testsuite> <!-- PomWithPageFactoryPractice.LoginPageTest -->
