<?xml version="1.0" encoding="UTF-8"?>
<!-- Generated by org.testng.reporters.JUnitReportReporter -->
<testsuite hostname="LAPTOP-LURRNF8O" failures="0" tests="3" name="KeywardPractice.EnebledKeywardPractice" time="0.008" errors="0" timestamp="2022-09-22T14:34:19 IST" skipped="1">
  <testcase classname="KeywardPractice.EnebledKeywardPractice" name="settingpage" time="0.007"/>
  <system-out/>
  <testcase classname="KeywardPractice.EnebledKeywardPractice" name="homepage" time="0.001"/>
  <system-out/>
  <testcase classname="KeywardPractice.EnebledKeywardPractice" name="notification">
    <skipped/>
  </testcase> <!-- notification -->
  <system-out/>
</testsuite> <!-- KeywardPractice.EnebledKeywardPractice -->
