<?xml version="1.0" encoding="UTF-8"?>
<!-- Generated by org.testng.reporters.JUnitReportReporter -->
<testsuite hostname="LAPTOP-LURRNF8O" failures="0" tests="3" name="TestAnnutationPractice.TestCase1" time="0.008" errors="0" timestamp="2022-09-22T11:09:53 IST" skipped="0">
  <testcase classname="TestAnnutationPractice.TestCase1" name="m2" time="0.001"/>
  <system-out/>
  <testcase classname="TestAnnutationPractice.TestCase1" name="m1" time="0.006"/>
  <system-out/>
  <testcase classname="TestAnnutationPractice.TestCase1" name="m3" time="0.001"/>
  <system-out/>
</testsuite> <!-- TestAnnutationPractice.TestCase1 -->
