<?xml version="1.0" encoding="UTF-8"?>
<!-- Generated by org.testng.reporters.JUnitReportReporter -->
<testsuite hostname="LAPTOP-LURRNF8O" failures="0" tests="3" name="Basic.Introduction" time="0.013" errors="0" timestamp="2022-09-20T16:52:28 IST" skipped="0">
  <testcase classname="Basic.Introduction" name="openurl" time="0.011"/>
  <system-out/>
  <testcase classname="Basic.Introduction" name="login" time="0.002"/>
  <system-out/>
  <testcase classname="Basic.Introduction" name="logout" time="0.000"/>
  <system-out/>
</testsuite> <!-- Basic.Introduction -->
