<?xml version="1.0" encoding="UTF-8"?>
<!-- Generated by org.testng.reporters.JUnitReportReporter -->
<testsuite hostname="LAPTOP-LURRNF8O" failures="0" tests="1" name="AssertTestPractice.AssertTestP" time="0.016" errors="0" timestamp="2022-09-26T17:31:28 IST" skipped="0">
  <testcase classname="AssertTestPractice.AssertTestP" name="sample" time="0.016"/>
  <system-out/>
</testsuite> <!-- AssertTestPractice.AssertTestP -->
