<?xml version="1.0" encoding="UTF-8"?>
<!-- Generated by org.testng.reporters.JUnitReportReporter -->
<testsuite hostname="LAPTOP-LURRNF8O" failures="0" tests="3" name="SuteAnnotationPractice.TestCase2" time="0.004" errors="0" timestamp="2022-09-22T13:39:31 IST" skipped="0">
  <testcase classname="SuteAnnotationPractice.TestCase2" name="m4" time="0.002"/>
  <system-out/>
  <testcase classname="SuteAnnotationPractice.TestCase2" name="m6" time="0.001"/>
  <system-out/>
  <testcase classname="SuteAnnotationPractice.TestCase2" name="m5" time="0.001"/>
  <system-out/>
</testsuite> <!-- SuteAnnotationPractice.TestCase2 -->
