<?xml version="1.0" encoding="UTF-8"?>
<!-- Generated by org.testng.reporters.JUnitReportReporter -->
<testsuite hostname="LAPTOP-LURRNF8O" failures="0" tests="5" name="KeywardPractice.InvocationCountWithThreadPoolSizePractice" time="36.545" errors="0" timestamp="2022-09-26T19:17:42 IST" skipped="0">
  <testcase classname="KeywardPractice.InvocationCountWithThreadPoolSizePractice" name="OpenBrowser" time="7.832"/>
  <system-out/>
  <testcase classname="KeywardPractice.InvocationCountWithThreadPoolSizePractice" name="OpenBrowser" time="8.386"/>
  <system-out/>
  <testcase classname="KeywardPractice.InvocationCountWithThreadPoolSizePractice" name="OpenBrowser" time="5.622"/>
  <system-out/>
  <testcase classname="KeywardPractice.InvocationCountWithThreadPoolSizePractice" name="OpenBrowser" time="8.638"/>
  <system-out/>
  <testcase classname="KeywardPractice.InvocationCountWithThreadPoolSizePractice" name="OpenBrowser" time="6.067"/>
  <system-out/>
</testsuite> <!-- KeywardPractice.InvocationCountWithThreadPoolSizePractice -->
