<?xml version="1.0" encoding="UTF-8"?>
<!-- Generated by org.testng.reporters.JUnitReportReporter -->
<testsuite hostname="LAPTOP-LURRNF8O" failures="0" tests="3" name="Basic.ClassAnnotationPractice" time="0.007" errors="0" timestamp="2022-09-20T22:57:38 IST" skipped="0">
  <testcase classname="Basic.ClassAnnotationPractice" name="profilepage" time="0.005"/>
  <system-out>
    <![CDATA[Checking the profilepage]]>
  </system-out>
  <testcase classname="Basic.ClassAnnotationPractice" name="notificationpage" time="0.002"/>
  <system-out>
    <![CDATA[checking the notificationpage]]>
  </system-out>
  <testcase classname="Basic.ClassAnnotationPractice" name="homepage" time="0.000"/>
  <system-out>
    <![CDATA[Checking the homepage]]>
  </system-out>
</testsuite> <!-- Basic.ClassAnnotationPractice -->
