<?xml version="1.0" encoding="UTF-8"?>
<!-- Generated by org.testng.reporters.JUnitReportReporter -->
<testsuite hostname="LAPTOP-LURRNF8O" failures="0" tests="1" name="PomWithPageFactoryPractice.RegistrtionTest" time="3.158" errors="0" timestamp="2022-10-03T17:08:19 IST" skipped="0">
  <testcase classname="PomWithPageFactoryPractice.RegistrtionTest" name="FacebookregistrationPageTest_Positive" time="3.158"/>
  <system-out/>
</testsuite> <!-- PomWithPageFactoryPractice.RegistrtionTest -->
